<?xml version="1.0" encoding="UTF-8"?>
<coverage generated="1783931133146" clover="3.2.0">
  <project timestamp="1783931133146" name="All files">
    <metrics statements="31" coveredstatements="24" conditionals="8" coveredconditionals="7" methods="11" coveredmethods="4" elements="50" coveredelements="35" complexity="0" loc="31" ncloc="31" packages="5" files="6" classes="6"/>
    <package name="components.LoadingIndicator">
      <metrics statements="2" coveredstatements="2" conditionals="0" coveredconditionals="0" methods="1" coveredmethods="1"/>
      <file name="LoadingIndicator.jsx" path="C:\Users\Vinod\OneDrive\Documents\Infy\rewards-tracking-app\src\components\LoadingIndicator\LoadingIndicator.jsx">
        <metrics statements="2" coveredstatements="2" conditionals="0" coveredconditionals="0" methods="1" coveredmethods="1"/>
        <line num="1" count="1" type="stmt"/>
        <line num="2" count="1" type="stmt"/>
      </file>
    </package>
    <package name="components.MonthlyRewardsTable">
      <metrics statements="5" coveredstatements="2" conditionals="0" coveredconditionals="0" methods="3" coveredmethods="0"/>
      <file name="MonthlyRewardsTable.jsx" path="C:\Users\Vinod\OneDrive\Documents\Infy\rewards-tracking-app\src\components\MonthlyRewardsTable\MonthlyRewardsTable.jsx">
        <metrics statements="5" coveredstatements="2" conditionals="0" coveredconditionals="0" methods="3" coveredmethods="0"/>
        <line num="4" count="1" type="stmt"/>
        <line num="6" count="0" type="stmt"/>
        <line num="24" count="0" type="stmt"/>
        <line num="26" count="0" type="stmt"/>
        <line num="44" count="1" type="stmt"/>
      </file>
    </package>
    <package name="components.TotalRewardsTable">
      <metrics statements="4" coveredstatements="2" conditionals="0" coveredconditionals="0" methods="2" coveredmethods="0"/>
      <file name="TotalRewardsTable.jsx" path="C:\Users\Vinod\OneDrive\Documents\Infy\rewards-tracking-app\src\components\TotalRewardsTable\TotalRewardsTable.jsx">
        <metrics statements="4" coveredstatements="2" conditionals="0" coveredconditionals="0" methods="2" coveredmethods="0"/>
        <line num="3" count="1" type="stmt"/>
        <line num="4" count="0" type="stmt"/>
        <line num="21" count="0" type="stmt"/>
        <line num="34" count="1" type="stmt"/>
      </file>
    </package>
    <package name="components.TransactionsTable">
      <metrics statements="4" coveredstatements="2" conditionals="0" coveredconditionals="0" methods="2" coveredmethods="0"/>
      <file name="TransactionsTable.jsx" path="C:\Users\Vinod\OneDrive\Documents\Infy\rewards-tracking-app\src\components\TransactionsTable\TransactionsTable.jsx">
        <metrics statements="4" coveredstatements="2" conditionals="0" coveredconditionals="0" methods="2" coveredmethods="0"/>
        <line num="3" count="1" type="stmt"/>
        <line num="5" count="0" type="stmt"/>
        <line num="27" count="0" type="stmt"/>
        <line num="52" count="1" type="stmt"/>
      </file>
    </package>
    <package name="utils">
      <metrics statements="16" coveredstatements="16" conditionals="8" coveredconditionals="7" methods="3" coveredmethods="3"/>
      <file name="rewardAggregator.js" path="C:\Users\Vinod\OneDrive\Documents\Infy\rewards-tracking-app\src\utils\rewardAggregator.js">
        <metrics statements="8" coveredstatements="8" conditionals="4" coveredconditionals="3" methods="2" coveredmethods="2"/>
        <line num="5" count="1" type="stmt"/>
        <line num="7" count="1" type="stmt"/>
        <line num="11" count="1" type="stmt"/>
        <line num="22" count="1" type="stmt"/>
        <line num="27" count="1" type="cond" truecount="1" falsecount="1"/>
        <line num="29" count="1" type="stmt"/>
        <line num="34" count="1" type="stmt"/>
        <line num="39" count="1" type="stmt"/>
      </file>
      <file name="rewardCalculator.js" path="C:\Users\Vinod\OneDrive\Documents\Infy\rewards-tracking-app\src\utils\rewardCalculator.js">
        <metrics statements="8" coveredstatements="8" conditionals="4" coveredconditionals="4" methods="1" coveredmethods="1"/>
        <line num="1" count="2" type="stmt"/>
        <line num="2" count="4" type="stmt"/>
        <line num="4" count="4" type="cond" truecount="2" falsecount="0"/>
        <line num="5" count="2" type="stmt"/>
        <line num="6" count="2" type="stmt"/>
        <line num="9" count="4" type="cond" truecount="2" falsecount="0"/>
        <line num="10" count="3" type="stmt"/>
        <line num="13" count="4" type="stmt"/>
      </file>
    </package>
  </project>
</coverage>
