{"C:\\Users\\Vinod\\OneDrive\\Documents\\Infy\\rewards-tracking-app\\src\\components\\LoadingIndicator\\LoadingIndicator.jsx": {"path":"C:\\Users\\Vinod\\OneDrive\\Documents\\Infy\\rewards-tracking-app\\src\\components\\LoadingIndicator\\LoadingIndicator.jsx","statementMap":{"0":{"start":{"line":1,"column":25},"end":{"line":7,"column":1}},"1":{"start":{"line":2,"column":4},"end":{"line":6,"column":6}}},"fnMap":{"0":{"name":"(anonymous_0)","decl":{"start":{"line":1,"column":25},"end":{"line":1,"column":26}},"loc":{"start":{"line":1,"column":31},"end":{"line":7,"column":1}},"line":1}},"branchMap":{},"s":{"0":1,"1":1},"f":{"0":1},"b":{},"_coverageSchema":"1a1c01bbd47fc00a2c39e90264f33305004495a9","hash":"e4aea754ea6450ab9d05f73ab7c4ac6ffccf2ee2"}
,"C:\\Users\\Vinod\\OneDrive\\Documents\\Infy\\rewards-tracking-app\\src\\components\\MonthlyRewardsTable\\MonthlyRewardsTable.jsx": {"path":"C:\\Users\\Vinod\\OneDrive\\Documents\\Infy\\rewards-tracking-app\\src\\components\\MonthlyRewardsTable\\MonthlyRewardsTable.jsx","statementMap":{"0":{"start":{"line":4,"column":28},"end":{"line":41,"column":1}},"1":{"start":{"line":6,"column":4},"end":{"line":40,"column":6}},"2":{"start":{"line":24,"column":32},"end":{"line":33,"column":38}},"3":{"start":{"line":26,"column":40},"end":{"line":32,"column":45}},"4":{"start":{"line":44,"column":0},"end":{"line":46,"column":2}}},"fnMap":{"0":{"name":"(anonymous_0)","decl":{"start":{"line":4,"column":28},"end":{"line":4,"column":29}},"loc":{"start":{"line":4,"column":42},"end":{"line":41,"column":1}},"line":4},"1":{"name":"(anonymous_1)","decl":{"start":{"line":23,"column":33},"end":{"line":23,"column":34}},"loc":{"start":{"line":24,"column":32},"end":{"line":33,"column":38}},"line":24},"2":{"name":"(anonymous_2)","decl":{"start":{"line":25,"column":41},"end":{"line":25,"column":42}},"loc":{"start":{"line":26,"column":40},"end":{"line":32,"column":45}},"line":26}},"branchMap":{},"s":{"0":1,"1":0,"2":0,"3":0,"4":1},"f":{"0":0,"1":0,"2":0},"b":{},"_coverageSchema":"1a1c01bbd47fc00a2c39e90264f33305004495a9","hash":"6df6ee824c1e51fff4df1bbacfff85110841897c"}
,"C:\\Users\\Vinod\\OneDrive\\Documents\\Infy\\rewards-tracking-app\\src\\components\\TotalRewardsTable\\TotalRewardsTable.jsx": {"path":"C:\\Users\\Vinod\\OneDrive\\Documents\\Infy\\rewards-tracking-app\\src\\components\\TotalRewardsTable\\TotalRewardsTable.jsx","statementMap":{"0":{"start":{"line":3,"column":26},"end":{"line":32,"column":1}},"1":{"start":{"line":4,"column":4},"end":{"line":31,"column":6}},"2":{"start":{"line":21,"column":36},"end":{"line":24,"column":41}},"3":{"start":{"line":34,"column":0},"end":{"line":36,"column":2}}},"fnMap":{"0":{"name":"(anonymous_0)","decl":{"start":{"line":3,"column":26},"end":{"line":3,"column":27}},"loc":{"start":{"line":3,"column":40},"end":{"line":32,"column":1}},"line":3},"1":{"name":"(anonymous_1)","decl":{"start":{"line":20,"column":37},"end":{"line":20,"column":38}},"loc":{"start":{"line":21,"column":36},"end":{"line":24,"column":41}},"line":21}},"branchMap":{},"s":{"0":1,"1":0,"2":0,"3":1},"f":{"0":0,"1":0},"b":{},"_coverageSchema":"1a1c01bbd47fc00a2c39e90264f33305004495a9","hash":"60fb793c4adbbb5a8dc70fb7a0fc6a8c44048e2e"}
,"C:\\Users\\Vinod\\OneDrive\\Documents\\Infy\\rewards-tracking-app\\src\\components\\TransactionsTable\\TransactionsTable.jsx": {"path":"C:\\Users\\Vinod\\OneDrive\\Documents\\Infy\\rewards-tracking-app\\src\\components\\TransactionsTable\\TransactionsTable.jsx","statementMap":{"0":{"start":{"line":3,"column":26},"end":{"line":49,"column":1}},"1":{"start":{"line":5,"column":2},"end":{"line":47,"column":4}},"2":{"start":{"line":27,"column":12},"end":{"line":37,"column":17}},"3":{"start":{"line":52,"column":0},"end":{"line":54,"column":2}}},"fnMap":{"0":{"name":"(anonymous_0)","decl":{"start":{"line":3,"column":26},"end":{"line":3,"column":27}},"loc":{"start":{"line":3,"column":48},"end":{"line":49,"column":1}},"line":3},"1":{"name":"(anonymous_1)","decl":{"start":{"line":25,"column":27},"end":{"line":25,"column":28}},"loc":{"start":{"line":27,"column":12},"end":{"line":37,"column":17}},"line":27}},"branchMap":{},"s":{"0":1,"1":0,"2":0,"3":1},"f":{"0":0,"1":0},"b":{},"_coverageSchema":"1a1c01bbd47fc00a2c39e90264f33305004495a9","hash":"129b44f8d2130e646acc54f3aa58be3085e1b545"}
,"C:\\Users\\Vinod\\OneDrive\\Documents\\Infy\\rewards-tracking-app\\src\\utils\\rewardAggregator.js": {"path":"C:\\Users\\Vinod\\OneDrive\\Documents\\Infy\\rewards-tracking-app\\src\\utils\\rewardAggregator.js","statementMap":{"0":{"start":{"line":5,"column":33},"end":{"line":44,"column":1}},"1":{"start":{"line":7,"column":2},"end":{"line":42,"column":8}},"2":{"start":{"line":11,"column":6},"end":{"line":18,"column":7}},"3":{"start":{"line":22,"column":6},"end":{"line":24,"column":7}},"4":{"start":{"line":27,"column":4},"end":{"line":31,"column":5}},"5":{"start":{"line":29,"column":6},"end":{"line":29,"column":42}},"6":{"start":{"line":34,"column":4},"end":{"line":36,"column":15}},"7":{"start":{"line":39,"column":4},"end":{"line":39,"column":18}}},"fnMap":{"0":{"name":"(anonymous_0)","decl":{"start":{"line":5,"column":33},"end":{"line":5,"column":34}},"loc":{"start":{"line":5,"column":51},"end":{"line":44,"column":1}},"line":5},"1":{"name":"(anonymous_1)","decl":{"start":{"line":7,"column":29},"end":{"line":7,"column":30}},"loc":{"start":{"line":7,"column":52},"end":{"line":42,"column":3}},"line":7}},"branchMap":{"0":{"loc":{"start":{"line":27,"column":4},"end":{"line":31,"column":5}},"type":"if","locations":[{"start":{"line":27,"column":4},"end":{"line":31,"column":5}},{"start":{},"end":{}}],"line":27},"1":{"loc":{"start":{"line":35,"column":7},"end":{"line":35,"column":51}},"type":"binary-expr","locations":[{"start":{"line":35,"column":7},"end":{"line":35,"column":46}},{"start":{"line":35,"column":50},"end":{"line":35,"column":51}}],"line":35}},"s":{"0":1,"1":1,"2":1,"3":1,"4":1,"5":1,"6":1,"7":1},"f":{"0":1,"1":1},"b":{"0":[1,0],"1":[1,1]},"_coverageSchema":"1a1c01bbd47fc00a2c39e90264f33305004495a9","hash":"568092a4229a0fe4e7f367488567638b30d7e48b"}
,"C:\\Users\\Vinod\\OneDrive\\Documents\\Infy\\rewards-tracking-app\\src\\utils\\rewardCalculator.js": {"path":"C:\\Users\\Vinod\\OneDrive\\Documents\\Infy\\rewards-tracking-app\\src\\utils\\rewardCalculator.js","statementMap":{"0":{"start":{"line":1,"column":32},"end":{"line":14,"column":1}},"1":{"start":{"line":2,"column":15},"end":{"line":2,"column":16}},"2":{"start":{"line":4,"column":2},"end":{"line":7,"column":3}},"3":{"start":{"line":5,"column":4},"end":{"line":5,"column":33}},"4":{"start":{"line":6,"column":4},"end":{"line":6,"column":17}},"5":{"start":{"line":9,"column":2},"end":{"line":11,"column":3}},"6":{"start":{"line":10,"column":4},"end":{"line":10,"column":26}},"7":{"start":{"line":13,"column":2},"end":{"line":13,"column":16}}},"fnMap":{"0":{"name":"(anonymous_0)","decl":{"start":{"line":1,"column":32},"end":{"line":1,"column":33}},"loc":{"start":{"line":1,"column":44},"end":{"line":14,"column":1}},"line":1}},"branchMap":{"0":{"loc":{"start":{"line":4,"column":2},"end":{"line":7,"column":3}},"type":"if","locations":[{"start":{"line":4,"column":2},"end":{"line":7,"column":3}},{"start":{},"end":{}}],"line":4},"1":{"loc":{"start":{"line":9,"column":2},"end":{"line":11,"column":3}},"type":"if","locations":[{"start":{"line":9,"column":2},"end":{"line":11,"column":3}},{"start":{},"end":{}}],"line":9}},"s":{"0":2,"1":4,"2":4,"3":2,"4":2,"5":4,"6":3,"7":4},"f":{"0":4},"b":{"0":[2,2],"1":[3,1]},"_coverageSchema":"1a1c01bbd47fc00a2c39e90264f33305004495a9","hash":"0df79b769d83095b977899b934ca734834958a89"}
}
