TN:
SF:src\components\LoadingIndicator\LoadingIndicator.jsx
FN:1,(anonymous_0)
FNF:1
FNH:1
FNDA:1,(anonymous_0)
DA:1,1
DA:2,1
LF:2
LH:2
BRF:0
BRH:0
end_of_record
TN:
SF:src\components\MonthlyRewardsTable\MonthlyRewardsTable.jsx
FN:4,(anonymous_0)
FN:20,(anonymous_1)
FN:22,(anonymous_2)
FNF:3
FNH:0
FNDA:0,(anonymous_0)
FNDA:0,(anonymous_1)
FNDA:0,(anonymous_2)
DA:4,1
DA:6,0
DA:21,0
DA:23,0
DA:40,1
LF:5
LH:2
BRF:0
BRH:0
end_of_record
TN:
SF:src\components\TotalRewardsTable\TotalRewardsTable.jsx
FN:4,(anonymous_0)
FN:33,(anonymous_1)
FNF:2
FNH:0
FNDA:0,(anonymous_0)
FNDA:0,(anonymous_1)
DA:4,1
DA:7,0
DA:35,0
DA:59,1
LF:4
LH:2
BRF:0
BRH:0
end_of_record
TN:
SF:src\components\TransactionsTable\TransactionsTable.jsx
FN:3,(anonymous_0)
FN:23,(anonymous_1)
FNF:2
FNH:0
FNDA:0,(anonymous_0)
FNDA:0,(anonymous_1)
DA:3,1
DA:5,0
DA:25,0
DA:50,1
LF:4
LH:2
BRF:0
BRH:0
end_of_record
TN:
SF:src\utils\rewardAggregator.js
FN:5,(anonymous_0)
FN:7,(anonymous_1)
FNF:2
FNH:2
FNDA:1,(anonymous_0)
FNDA:1,(anonymous_1)
DA:5,1
DA:7,1
DA:11,1
DA:22,1
DA:27,1
DA:29,1
DA:34,1
DA:39,1
LF:8
LH:8
BRDA:27,0,0,1
BRDA:27,0,1,0
BRDA:35,1,0,1
BRDA:35,1,1,1
BRF:4
BRH:3
end_of_record
TN:
SF:src\utils\rewardCalculator.js
FN:1,(anonymous_0)
FNF:1
FNH:1
FNDA:4,(anonymous_0)
DA:1,2
DA:2,4
DA:4,4
DA:5,2
DA:6,2
DA:9,4
DA:10,3
DA:13,4
LF:8
LH:8
BRDA:4,0,0,2
BRDA:4,0,1,2
BRDA:9,1,0,3
BRDA:9,1,1,1
BRF:4
BRH:4
end_of_record
